{"/home/delroybarnies99/repos/javascript/testing/main.js": {"path":"/home/delroybarnies99/repos/javascript/testing/main.js","statementMap":{"0":{"start":{"line":2,"column":4},"end":{"line":2,"column":17}},"1":{"start":{"line":6,"column":14},"end":{"line":6,"column":30}},"2":{"start":{"line":7,"column":4},"end":{"line":7,"column":34}},"3":{"start":{"line":8,"column":4},"end":{"line":8,"column":24}},"4":{"start":{"line":12,"column":4},"end":{"line":12,"column":47}},"5":{"start":{"line":16,"column":19},"end":{"line":16,"column":149}},"6":{"start":{"line":17,"column":14},"end":{"line":17,"column":30}},"7":{"start":{"line":18,"column":20},"end":{"line":18,"column":22}},"8":{"start":{"line":19,"column":4},"end":{"line":30,"column":5}},"9":{"start":{"line":20,"column":19},"end":{"line":20,"column":30}},"10":{"start":{"line":21,"column":8},"end":{"line":29,"column":9}},"11":{"start":{"line":21,"column":21},"end":{"line":21,"column":22}},"12":{"start":{"line":22,"column":12},"end":{"line":28,"column":13}},"13":{"start":{"line":23,"column":35},"end":{"line":23,"column":44}},"14":{"start":{"line":24,"column":16},"end":{"line":26,"column":17}},"15":{"start":{"line":25,"column":20},"end":{"line":25,"column":52}},"16":{"start":{"line":27,"column":16},"end":{"line":27,"column":55}},"17":{"start":{"line":31,"column":4},"end":{"line":31,"column":30}},"18":{"start":{"line":36,"column":14},"end":{"line":36,"column":15}},"19":{"start":{"line":37,"column":4},"end":{"line":39,"column":7}},"20":{"start":{"line":38,"column":8},"end":{"line":38,"column":23}},"21":{"start":{"line":40,"column":18},"end":{"line":40,"column":34}},"22":{"start":{"line":42,"column":4},"end":{"line":47,"column":6}},"23":{"start":{"line":50,"column":19},"end":{"line":63,"column":1}},"24":{"start":{"line":52,"column":8},"end":{"line":52,"column":27}},"25":{"start":{"line":55,"column":8},"end":{"line":55,"column":27}},"26":{"start":{"line":58,"column":8},"end":{"line":58,"column":27}},"27":{"start":{"line":61,"column":8},"end":{"line":61,"column":27}},"28":{"start":{"line":65,"column":0},"end":{"line":65,"column":21}},"29":{"start":{"line":66,"column":0},"end":{"line":66,"column":28}},"30":{"start":{"line":67,"column":0},"end":{"line":67,"column":31}},"31":{"start":{"line":68,"column":0},"end":{"line":68,"column":28}},"32":{"start":{"line":69,"column":0},"end":{"line":69,"column":30}},"33":{"start":{"line":70,"column":0},"end":{"line":70,"column":30}}},"fnMap":{"0":{"name":"sum","decl":{"start":{"line":1,"column":9},"end":{"line":1,"column":12}},"loc":{"start":{"line":1,"column":19},"end":{"line":3,"column":1}},"line":1},"1":{"name":"capitalize","decl":{"start":{"line":5,"column":9},"end":{"line":5,"column":19}},"loc":{"start":{"line":5,"column":28},"end":{"line":9,"column":1}},"line":5},"2":{"name":"reverseString","decl":{"start":{"line":11,"column":9},"end":{"line":11,"column":22}},"loc":{"start":{"line":11,"column":31},"end":{"line":13,"column":1}},"line":11},"3":{"name":"caesarCipher","decl":{"start":{"line":15,"column":9},"end":{"line":15,"column":21}},"loc":{"start":{"line":15,"column":37},"end":{"line":32,"column":1}},"line":15},"4":{"name":"analyzeArray","decl":{"start":{"line":34,"column":9},"end":{"line":34,"column":21}},"loc":{"start":{"line":34,"column":27},"end":{"line":48,"column":1}},"line":34},"5":{"name":"(anonymous_5)","decl":{"start":{"line":37,"column":16},"end":{"line":37,"column":17}},"loc":{"start":{"line":37,"column":27},"end":{"line":39,"column":5}},"line":37},"6":{"name":"(anonymous_6)","decl":{"start":{"line":51,"column":4},"end":{"line":51,"column":5}},"loc":{"start":{"line":51,"column":20},"end":{"line":53,"column":5}},"line":51},"7":{"name":"(anonymous_7)","decl":{"start":{"line":54,"column":4},"end":{"line":54,"column":5}},"loc":{"start":{"line":54,"column":25},"end":{"line":56,"column":5}},"line":54},"8":{"name":"(anonymous_8)","decl":{"start":{"line":57,"column":4},"end":{"line":57,"column":5}},"loc":{"start":{"line":57,"column":23},"end":{"line":59,"column":5}},"line":57},"9":{"name":"(anonymous_9)","decl":{"start":{"line":60,"column":4},"end":{"line":60,"column":5}},"loc":{"start":{"line":60,"column":25},"end":{"line":62,"column":5}},"line":60}},"branchMap":{"0":{"loc":{"start":{"line":22,"column":12},"end":{"line":28,"column":13}},"type":"if","locations":[{"start":{"line":22,"column":12},"end":{"line":28,"column":13}},{"start":{},"end":{}}],"line":22},"1":{"loc":{"start":{"line":24,"column":16},"end":{"line":26,"column":17}},"type":"if","locations":[{"start":{"line":24,"column":16},"end":{"line":26,"column":17}},{"start":{},"end":{}}],"line":24}},"s":{"0":0,"1":0,"2":0,"3":0,"4":0,"5":0,"6":0,"7":0,"8":0,"9":0,"10":0,"11":0,"12":0,"13":0,"14":0,"15":0,"16":0,"17":0,"18":8,"19":8,"20":40,"21":8,"22":8,"23":1,"24":0,"25":0,"26":0,"27":0,"28":1,"29":1,"30":1,"31":1,"32":1,"33":1},"f":{"0":0,"1":0,"2":0,"3":0,"4":8,"5":40,"6":0,"7":0,"8":0,"9":0},"b":{"0":[0,0],"1":[0,0]},"_coverageSchema":"1a1c01bbd47fc00a2c39e90264f33305004495a9","hash":"ba26b16d40b4a558577cc77b409f158d79f67ae4"}
}
