TN:
SF:main.js
FN:1,sum
FN:5,capitalize
FN:11,reverseString
FN:15,caesarCipher
FN:34,analyzeArray
FN:37,(anonymous_5)
FN:51,(anonymous_6)
FN:54,(anonymous_7)
FN:57,(anonymous_8)
FN:60,(anonymous_9)
FNF:10
FNH:2
FNDA:0,sum
FNDA:0,capitalize
FNDA:0,reverseString
FNDA:0,caesarCipher
FNDA:8,analyzeArray
FNDA:40,(anonymous_5)
FNDA:0,(anonymous_6)
FNDA:0,(anonymous_7)
FNDA:0,(anonymous_8)
FNDA:0,(anonymous_9)
DA:2,0
DA:6,0
DA:7,0
DA:8,0
DA:12,0
DA:16,0
DA:17,0
DA:18,0
DA:19,0
DA:20,0
DA:21,0
DA:22,0
DA:23,0
DA:24,0
DA:25,0
DA:27,0
DA:31,0
DA:36,8
DA:37,8
DA:38,40
DA:40,8
DA:42,8
DA:50,1
DA:52,0
DA:55,0
DA:58,0
DA:61,0
DA:65,1
DA:66,1
DA:67,1
DA:68,1
DA:69,1
DA:70,1
LF:33
LH:12
BRDA:22,0,0,0
BRDA:22,0,1,0
BRDA:24,1,0,0
BRDA:24,1,1,0
BRF:4
BRH:0
end_of_record
